<?xml version="1.0" encoding="UTF-8"?>
<testsuite name="com.ecommerce.microcommerce.web.controller.ClientRestControllerTest" time="0.009" tests="1" errors="1" skipped="0" failures="0">
  <properties>
[...]
</properties>
  <testcase name="initializationError" classname="com.ecommerce.microcommerce.web.controller.ClientRestControllerTest" time="0.009">
    <error message="org/springframework/core/annotation/MergedAnnotations" type="java.lang.NoClassDefFoundError"><![CDATA[java.lang.NoClassDefFoundError: org/springframework/core/annotation/MergedAnnotations
	at org.springframework.test.context.support.DynamicPropertiesContextCustomizerFactory.isAnnotated(DynamicPropertiesContextCustomizerFactory.java:53)
	at org.springframework.core.MethodIntrospector$2.inspect(MethodIntrospector.java:98)
	at org.springframework.core.MethodIntrospector$2.inspect(MethodIntrospector.java:95)
	at org.springframework.core.MethodIntrospector$1.doWith(MethodIntrospector.java:72)
	at org.springframework.util.ReflectionUtils.doWithMethods(ReflectionUtils.java:530)
	at org.springframework.core.MethodIntrospector.selectMethods(MethodIntrospector.java:68)
	at org.springframework.core.MethodIntrospector.selectMethods(MethodIntrospector.java:95)
	at org.springframework.test.context.support.DynamicPropertiesContextCustomizerFactory.createContextCustomizer(DynamicPropertiesContextCustomizerFactory.java:45)
	at org.springframework.test.context.support.DynamicPropertiesContextCustomizerFactory.createContextCustomizer(DynamicPropertiesContextCustomizerFactory.java:38)
	at org.springframework.test.context.support.AbstractTestContextBootstrapper.getContextCustomizers(AbstractTestContextBootstrapper.java:404)
	at org.springframework.test.context.support.AbstractTestContextBootstrapper.buildMergedContextConfiguration(AbstractTestContextBootstrapper.java:376)
	at org.springframework.test.context.support.AbstractTestContextBootstrapper.buildDefaultMergedContextConfiguration(AbstractTestContextBootstrapper.java:312)
	at org.springframework.test.context.support.AbstractTestContextBootstrapper.buildMergedContextConfiguration(AbstractTestContextBootstrapper.java:265)
	at org.springframework.test.context.support.AbstractTestContextBootstrapper.buildTestContext(AbstractTestContextBootstrapper.java:108)
	at org.springframework.boot.test.context.SpringBootTestContextBootstrapper.buildTestContext(SpringBootTestContextBootstrapper.java:82)
	at org.springframework.test.context.TestContextManager.<init>(TestContextManager.java:137)
	at org.springframework.test.context.TestContextManager.<init>(TestContextManager.java:122)
	at org.springframework.test.context.junit4.SpringJUnit4ClassRunner.createTestContextManager(SpringJUnit4ClassRunner.java:151)
	at org.springframework.test.context.junit4.SpringJUnit4ClassRunner.<init>(SpringJUnit4ClassRunner.java:142)
	at org.springframework.test.context.junit4.SpringRunner.<init>(SpringRunner.java:49)
	at java.base/jdk.internal.reflect.NativeConstructorAccessorImpl.newInstance0(Native Method)
	at java.base/jdk.internal.reflect.NativeConstructorAccessorImpl.newInstance(NativeConstructorAccessorImpl.java:62)
	at java.base/jdk.internal.reflect.DelegatingConstructorAccessorImpl.newInstance(DelegatingConstructorAccessorImpl.java:45)
	at java.base/java.lang.reflect.Constructor.newInstance(Constructor.java:490)
	at org.junit.internal.builders.AnnotatedBuilder.buildRunner(AnnotatedBuilder.java:104)
	at org.junit.internal.builders.AnnotatedBuilder.runnerForClass(AnnotatedBuilder.java:86)
	at org.junit.runners.model.RunnerBuilder.safeRunnerForClass(RunnerBuilder.java:59)
	at org.junit.internal.builders.AllDefaultPossibilitiesBuilder.runnerForClass(AllDefaultPossibilitiesBuilder.java:26)
	at org.junit.runners.model.RunnerBuilder.safeRunnerForClass(RunnerBuilder.java:59)
	at org.junit.internal.requests.ClassRequest.getRunner(ClassRequest.java:33)
	at org.apache.maven.surefire.junit4.JUnit4Provider.execute(JUnit4Provider.java:283)
	at org.apache.maven.surefire.junit4.JUnit4Provider.executeWithRerun(JUnit4Provider.java:173)
	at org.apache.maven.surefire.junit4.JUnit4Provider.executeTestSet(JUnit4Provider.java:153)
	at org.apache.maven.surefire.junit4.JUnit4Provider.invoke(JUnit4Provider.java:128)
	at org.apache.maven.surefire.booter.ForkedBooter.invokeProviderInSameClassLoader(ForkedBooter.java:203)
	at org.apache.maven.surefire.booter.ForkedBooter.runSuitesInProcess(ForkedBooter.java:155)
	at org.apache.maven.surefire.booter.ForkedBooter.main(ForkedBooter.java:103)
]]></error>
    <system-out><![CDATA[18:40:53.314 [main] DEBUG org.springframework.test.context.junit4.SpringJUnit4ClassRunner - SpringJUnit4ClassRunner constructor called with [class com.ecommerce.microcommerce.web.controller.ClientRestControllerTest]
18:40:53.321 [main] DEBUG org.springframework.test.context.BootstrapUtils - Instantiating CacheAwareContextLoaderDelegate from class [org.springframework.test.context.cache.DefaultCacheAwareContextLoaderDelegate]
18:40:53.333 [main] DEBUG org.springframework.test.context.BootstrapUtils - Instantiating BootstrapContext using constructor [public org.springframework.test.context.support.DefaultBootstrapContext(java.lang.Class,org.springframework.test.context.CacheAwareContextLoaderDelegate)]
18:40:53.357 [main] DEBUG org.springframework.test.context.BootstrapUtils - Instantiating TestContextBootstrapper for test class [com.ecommerce.microcommerce.web.controller.ClientRestControllerTest] from class [org.springframework.boot.test.autoconfigure.web.servlet.WebMvcTestContextBootstrapper]
18:40:53.379 [main] INFO org.springframework.boot.test.autoconfigure.web.servlet.WebMvcTestContextBootstrapper - Neither @ContextConfiguration nor @ContextHierarchy found for test class [com.ecommerce.microcommerce.web.controller.ClientRestControllerTest], using SpringBootContextLoader
18:40:53.385 [main] DEBUG org.springframework.test.context.support.AbstractContextLoader - Did not detect default resource location for test class [com.ecommerce.microcommerce.web.controller.ClientRestControllerTest]: class path resource [com/ecommerce/microcommerce/web/controller/ClientRestControllerTest-context.xml] does not exist
18:40:53.385 [main] DEBUG org.springframework.test.context.support.AbstractContextLoader - Did not detect default resource location for test class [com.ecommerce.microcommerce.web.controller.ClientRestControllerTest]: class path resource [com/ecommerce/microcommerce/web/controller/ClientRestControllerTestContext.groovy] does not exist
18:40:53.386 [main] INFO org.springframework.test.context.support.AbstractContextLoader - Could not detect default resource locations for test class [com.ecommerce.microcommerce.web.controller.ClientRestControllerTest]: no resource found for suffixes {-context.xml, Context.groovy}.
18:40:53.387 [main] INFO org.springframework.test.context.support.AnnotationConfigContextLoaderUtils - Could not detect default configuration classes for test class [com.ecommerce.microcommerce.web.controller.ClientRestControllerTest]: ClientRestControllerTest does not declare any static, non-private, non-final, nested classes annotated with @Configuration.
18:40:53.480 [main] DEBUG org.springframework.test.context.junit4.SpringJUnit4ClassRunner - SpringJUnit4ClassRunner constructor called with [class com.ecommerce.microcommerce.web.controller.ClientRestControllerTest]
18:40:53.480 [main] DEBUG org.springframework.test.context.BootstrapUtils - Instantiating CacheAwareContextLoaderDelegate from class [org.springframework.test.context.cache.DefaultCacheAwareContextLoaderDelegate]
18:40:53.481 [main] DEBUG org.springframework.test.context.BootstrapUtils - Instantiating BootstrapContext using constructor [public org.springframework.test.context.support.DefaultBootstrapContext(java.lang.Class,org.springframework.test.context.CacheAwareContextLoaderDelegate)]
18:40:53.481 [main] DEBUG org.springframework.test.context.BootstrapUtils - Instantiating TestContextBootstrapper for test class [com.ecommerce.microcommerce.web.controller.ClientRestControllerTest] from class [org.springframework.boot.test.autoconfigure.web.servlet.WebMvcTestContextBootstrapper]
18:40:53.481 [main] INFO org.springframework.boot.test.autoconfigure.web.servlet.WebMvcTestContextBootstrapper - Neither @ContextConfiguration nor @ContextHierarchy found for test class [com.ecommerce.microcommerce.web.controller.ClientRestControllerTest], using SpringBootContextLoader
18:40:53.482 [main] DEBUG org.springframework.test.context.support.AbstractContextLoader - Did not detect default resource location for test class [com.ecommerce.microcommerce.web.controller.ClientRestControllerTest]: class path resource [com/ecommerce/microcommerce/web/controller/ClientRestControllerTest-context.xml] does not exist
18:40:53.482 [main] DEBUG org.springframework.test.context.support.AbstractContextLoader - Did not detect default resource location for test class [com.ecommerce.microcommerce.web.controller.ClientRestControllerTest]: class path resource [com/ecommerce/microcommerce/web/controller/ClientRestControllerTestContext.groovy] does not exist
18:40:53.482 [main] INFO org.springframework.test.context.support.AbstractContextLoader - Could not detect default resource locations for test class [com.ecommerce.microcommerce.web.controller.ClientRestControllerTest]: no resource found for suffixes {-context.xml, Context.groovy}.
18:40:53.483 [main] INFO org.springframework.test.context.support.AnnotationConfigContextLoaderUtils - Could not detect default configuration classes for test class [com.ecommerce.microcommerce.web.controller.ClientRestControllerTest]: ClientRestControllerTest does not declare any static, non-private, non-final, nested classes annotated with @Configuration.
]]></system-out>
  </testcase>
</testsuite>