<?xml version="1.0" encoding="UTF-8"?>
<testsuite name="com.ecommerce.microcommerce.service.ProductServiceTest" time="0.139" tests="2" errors="2" skipped="0" failures="0">
  <properties>
[...]
</properties>
  <testcase name="testProductreturnsRating" classname="com.ecommerce.microcommerce.service.ProductServiceTest" time="0.037">
    <error message="&apos;org.assertj.core.api.AbstractCharSequenceAssert org.assertj.core.api.Assertions.assertThat(java.lang.String)&apos;" type="java.lang.NoSuchMethodError">java.lang.NoSuchMethodError: 'org.assertj.core.api.AbstractCharSequenceAssert org.assertj.core.api.Assertions.assertThat(java.lang.String)'
	at com.ecommerce.microcommerce.service.ProductServiceTest.testProductreturnsRating(ProductServiceTest.java:65)
</error>
  </testcase>
  <testcase name="testProductreturnsAllItemsFromRepository" classname="com.ecommerce.microcommerce.service.ProductServiceTest" time="0.102">
    <error message="&apos;org.assertj.core.api.AbstractCharSequenceAssert org.assertj.core.api.Assertions.assertThat(java.lang.String)&apos;" type="java.lang.NoSuchMethodError">java.lang.NoSuchMethodError: 'org.assertj.core.api.AbstractCharSequenceAssert org.assertj.core.api.Assertions.assertThat(java.lang.String)'
	at com.ecommerce.microcommerce.service.ProductServiceTest.testProductreturnsAllItemsFromRepository(ProductServiceTest.java:49)
</error>
  </testcase>
</testsuite>